<?xml version="1.0" encoding="UTF-8"?>
<testng-results ignored="0" total="1" passed="1" failed="0" skipped="0">
  <reporter-output>
  </reporter-output>
  <suite started-at="2025-07-28T09:44:08 EET" name="Default suite" finished-at="2025-07-28T09:44:08 EET" duration-ms="61">
    <groups>
    </groups>
    <test started-at="2025-07-28T09:44:08 EET" name="Default test" finished-at="2025-07-28T09:44:08 EET" duration-ms="61">
      <class name="PS1">
        <test-method signature="testRun()[pri:0, instance:PS1@79e2c065]" started-at="2025-07-28T09:44:08 EET" name="testRun" finished-at="2025-07-28T09:44:08 EET" duration-ms="19" status="PASS">
          <reporter-output>
          </reporter-output>
        </test-method> <!-- testRun -->
      </class> <!-- PS1 -->
    </test> <!-- Default test -->
  </suite> <!-- Default suite -->
</testng-results>
